<?xml version="1.0" encoding="UTF-8"?>
<!-- Generated by org.testng.reporters.JUnitReportReporter -->
<testsuite hostname="DESKTOP-QFUUFAS" failures="0" tests="15" name="Final.Final.AlMusafer" time="3.813" errors="0" timestamp="2025-06-16T06:45:12 GMT+03:00" skipped="14">
  <testcase classname="Final.Final.AlMusafer" name="NavigationToTermsConditionsPage" time="3.813"/>
  <system-out/>
  <testcase classname="Final.Final.AlMusafer" name="contactNumber">
    <skipped/>
  </testcase> <!-- contactNumber -->
  <system-out/>
  <testcase classname="Final.Final.AlMusafer" name="flightDepature">
    <skipped/>
  </testcase> <!-- flightDepature -->
  <system-out/>
  <testcase classname="Final.Final.AlMusafer" name="randomCityOneWay">
    <skipped/>
  </testcase> <!-- randomCityOneWay -->
  <system-out/>
  <testcase classname="Final.Final.AlMusafer" name="ApplyRatingFlitering">
    <skipped/>
  </testcase> <!-- ApplyRatingFlitering -->
  <system-out/>
  <testcase classname="Final.Final.AlMusafer" name="randomCityStays">
    <skipped/>
  </testcase> <!-- randomCityStays -->
  <system-out/>
  <testcase classname="Final.Final.AlMusafer" name="flightReturn">
    <skipped/>
  </testcase> <!-- flightReturn -->
  <system-out/>
  <testcase classname="Final.Final.AlMusafer" name="checkLang">
    <skipped/>
  </testcase> <!-- checkLang -->
  <system-out/>
  <testcase classname="Final.Final.AlMusafer" name="checkAPILoaded">
    <skipped/>
  </testcase> <!-- checkAPILoaded -->
  <system-out/>
  <testcase classname="Final.Final.AlMusafer" name="ChangeCurrency">
    <skipped/>
  </testcase> <!-- ChangeCurrency -->
  <system-out/>
  <testcase classname="Final.Final.AlMusafer" name="qitaLlogoDisplay">
    <skipped/>
  </testcase> <!-- qitaLlogoDisplay -->
  <system-out/>
  <testcase classname="Final.Final.AlMusafer" name="checkCurrency">
    <skipped/>
  </testcase> <!-- checkCurrency -->
  <system-out/>
  <testcase classname="Final.Final.AlMusafer" name="ApplyPriceFlitering">
    <skipped/>
  </testcase> <!-- ApplyPriceFlitering -->
  <system-out/>
  <testcase classname="Final.Final.AlMusafer" name="changeLanguage">
    <skipped/>
  </testcase> <!-- changeLanguage -->
  <system-out/>
  <testcase classname="Final.Final.AlMusafer" name="randomCityTwoWay">
    <skipped/>
  </testcase> <!-- randomCityTwoWay -->
  <system-out/>
</testsuite> <!-- Final.Final.AlMusafer -->
