<?xml version="1.0" encoding="UTF-8"?>
<!-- Generated by org.testng.reporters.JUnitReportReporter -->
<testsuite hostname="DESKTOP-QFUUFAS" failures="0" tests="15" name="Final.Final.AlMusafer" time="12.053" errors="0" timestamp="2025-06-23T22:01:43 GMT+03:00" skipped="12">
  <testcase classname="Final.Final.AlMusafer" name="randomCityTwoWay" time="4.718"/>
  <system-out/>
  <testcase classname="Final.Final.AlMusafer" name="randomCityOneWay" time="2.510"/>
  <system-out/>
  <testcase classname="Final.Final.AlMusafer" name="NavigationToTermsConditionsPage" time="4.825"/>
  <system-out/>
  <testcase classname="Final.Final.AlMusafer" name="contactNumber">
    <skipped/>
  </testcase> <!-- contactNumber -->
  <system-out/>
  <testcase classname="Final.Final.AlMusafer" name="flightReturn">
    <skipped/>
  </testcase> <!-- flightReturn -->
  <system-out/>
  <testcase classname="Final.Final.AlMusafer" name="checkLang">
    <skipped/>
  </testcase> <!-- checkLang -->
  <system-out/>
  <testcase classname="Final.Final.AlMusafer" name="checkAPILoaded">
    <skipped/>
  </testcase> <!-- checkAPILoaded -->
  <system-out/>
  <testcase classname="Final.Final.AlMusafer" name="flightDepature">
    <skipped/>
  </testcase> <!-- flightDepature -->
  <system-out/>
  <testcase classname="Final.Final.AlMusafer" name="ChangeCurrency">
    <skipped/>
  </testcase> <!-- ChangeCurrency -->
  <system-out/>
  <testcase classname="Final.Final.AlMusafer" name="qitaLlogoDisplay">
    <skipped/>
  </testcase> <!-- qitaLlogoDisplay -->
  <system-out/>
  <testcase classname="Final.Final.AlMusafer" name="ApplyRatingFlitering">
    <skipped/>
  </testcase> <!-- ApplyRatingFlitering -->
  <system-out/>
  <testcase classname="Final.Final.AlMusafer" name="checkCurrency">
    <skipped/>
  </testcase> <!-- checkCurrency -->
  <system-out/>
  <testcase classname="Final.Final.AlMusafer" name="ApplyPriceFlitering">
    <skipped/>
  </testcase> <!-- ApplyPriceFlitering -->
  <system-out/>
  <testcase classname="Final.Final.AlMusafer" name="randomCityStays">
    <skipped/>
  </testcase> <!-- randomCityStays -->
  <system-out/>
  <testcase classname="Final.Final.AlMusafer" name="changeLanguage">
    <skipped/>
  </testcase> <!-- changeLanguage -->
  <system-out/>
</testsuite> <!-- Final.Final.AlMusafer -->
